\BOOKMARK [0][-]{resumen.0}{Resumen}{}% 1
\BOOKMARK [0][-]{agradecimientos.0}{Agradecimientos}{}% 2
\BOOKMARK [0][-]{chapter*.2}{\315ndice general}{}% 3
\BOOKMARK [0][-]{chapter*.3}{\315ndice de figuras}{}% 4
\BOOKMARK [0][-]{chapter.1}{Introducci\363n}{}% 5
\BOOKMARK [0][-]{introduccion.0}{Introducci\363n}{}% 6
\BOOKMARK [0][-]{chapter.2}{Marco te\363rico}{}% 7
\BOOKMARK [1][-]{section.2.1}{Rob\363tica}{chapter.2}% 8
\BOOKMARK [1][-]{section.2.2}{Rob\363tica Inteligente}{chapter.2}% 9
\BOOKMARK [2][-]{subsection.2.2.1}{Paradigma Jer\341rquico}{section.2.2}% 10
\BOOKMARK [2][-]{subsection.2.2.2}{Paradigma Reactivo}{section.2.2}% 11
\BOOKMARK [2][-]{subsection.2.2.3}{Paradigma H\355brido}{section.2.2}% 12
\BOOKMARK [1][-]{section.2.3}{Inteligencia Artificial}{chapter.2}% 13
\BOOKMARK [2][-]{subsection.2.3.1}{Aprendizaje de M\341quinas}{section.2.3}% 14
\BOOKMARK [2][-]{subsection.2.3.2}{Aprendizaje por reforzamiento}{section.2.3}% 15
\BOOKMARK [2][-]{subsection.2.3.3}{Q- learning}{section.2.3}% 16
\BOOKMARK [1][-]{section.2.4}{Visi\363n Artificial}{chapter.2}% 17
\BOOKMARK [2][-]{subsection.2.4.1}{Segmentaci\363n por regiones}{section.2.4}% 18
\BOOKMARK [2][-]{subsection.2.4.2}{Filtros}{section.2.4}% 19
\BOOKMARK [3][-]{subsubsection.2.4.2.1}{Dilataci\363n}{subsection.2.4.2}% 20
\BOOKMARK [3][-]{subsubsection.2.4.2.2}{Erosi\363n}{subsection.2.4.2}% 21
\BOOKMARK [0][-]{chapter.3}{Construcci\363n de un Robot Humanoide}{}% 22
\BOOKMARK [1][-]{section.3.1}{Partes del robot}{chapter.3}% 23
\BOOKMARK [1][-]{section.3.2}{Ensamblaje}{chapter.3}% 24
\BOOKMARK [1][-]{section.3.3}{Detecci\363n de la pelota}{chapter.3}% 25
\BOOKMARK [2][-]{subsection.3.3.1}{Herramientas software para la detecci\363n }{section.3.3}% 26
\BOOKMARK [2][-]{subsection.3.3.2}{Obtenci\363n de la imagen}{section.3.3}% 27
\BOOKMARK [2][-]{subsection.3.3.3}{Procesamiento de la imagen}{section.3.3}% 28
\BOOKMARK [1][-]{section.3.4}{B\372squeda y Pateo}{chapter.3}% 29
\BOOKMARK [2][-]{subsection.3.4.1}{Herramientas software para la b\372squeda de la pelota }{section.3.4}% 30
\BOOKMARK [2][-]{subsection.3.4.2}{Movimiento de extremidades}{section.3.4}% 31
\BOOKMARK [2][-]{subsection.3.4.3}{Movimiento de la c\341mara}{section.3.4}% 32
\BOOKMARK [2][-]{subsection.3.4.4}{Representaci\363n del mundo}{section.3.4}% 33
\BOOKMARK [2][-]{subsection.3.4.5}{Comunicaci\363n Arbotix - Raspberry \(ROS\)}{section.3.4}% 34
\BOOKMARK [2][-]{subsection.3.4.6}{Elecci\363n de la acci\363n}{section.3.4}% 35
\BOOKMARK [1][-]{section.3.5}{Aprendizaje}{chapter.3}% 36
\BOOKMARK [2][-]{subsection.3.5.1}{Modelo del problema}{section.3.5}% 37
\BOOKMARK [3][-]{subsubsection.3.5.1.1}{Estados}{subsection.3.5.1}% 38
\BOOKMARK [3][-]{subsubsection.3.5.1.2}{Acciones}{subsection.3.5.1}% 39
\BOOKMARK [3][-]{subsubsection.3.5.1.3}{Recompensas}{subsection.3.5.1}% 40
\BOOKMARK [2][-]{subsection.3.5.2}{Elecci\363n de la acci\363n}{section.3.5}% 41
\BOOKMARK [2][-]{subsection.3.5.3}{Actualizaci\363n de Q\(s,a\)}{section.3.5}% 42
\BOOKMARK [1][-]{section.3.6}{Detecci\363n de ca\355das}{chapter.3}% 43
\BOOKMARK [1][-]{section.3.7}{Orientaci\363n al arco}{chapter.3}% 44
\BOOKMARK [0][-]{chapter.4}{Experimentos y Resultados}{}% 45
\BOOKMARK [1][-]{section.4.1}{Experimentos de Movimientos}{chapter.4}% 46
\BOOKMARK [1][-]{section.4.2}{Experimentos con Comportamientos Integrados}{chapter.4}% 47
\BOOKMARK [1][-]{section.4.3}{Experimentos con Aprendizaje}{chapter.4}% 48
\BOOKMARK [1][-]{section.4.4}{Experimentos completos}{chapter.4}% 49
\BOOKMARK [0][-]{chapter.5}{Conclusiones y Recomendaciones}{}% 50
\BOOKMARK [0][-]{chapter*.35}{Bibliograf\355a}{}% 51
\BOOKMARK [0][-]{section*.36}{Glosario}{}% 52
\BOOKMARK [0][-]{appendix.Alph1}{Consideraciones Especiales: Obst\341culos y Soluciones}{}% 53
\BOOKMARK [0][-]{appendix.Alph2}{Carta Aceptaci\363n}{}% 54
