\BOOKMARK [0][-]{resumen.0}{Resumen}{}% 1
\BOOKMARK [0][-]{dedicatoria.0}{Dedicatoria}{}% 2
\BOOKMARK [0][-]{agradecimientos.0}{Agradecimientos}{}% 3
\BOOKMARK [0][-]{chapter*.2}{\315ndice general}{}% 4
\BOOKMARK [0][-]{chapter*.3}{\315ndice de cuadros}{}% 5
\BOOKMARK [0][-]{chapter*.4}{\315ndice de figuras}{}% 6
\BOOKMARK [0][-]{introduccion.0}{Introducci\363n}{}% 7
\BOOKMARK [0][-]{chapter.1}{Marco te\363rico}{}% 8
\BOOKMARK [1][-]{section.1.1}{Robotica}{chapter.1}% 9
\BOOKMARK [1][-]{section.1.2}{Rob\363tica Inteligente \(Agentes Inteligentes\)}{chapter.1}% 10
\BOOKMARK [2][-]{subsection.1.2.1}{Paradigmas de rob\363tica}{section.1.2}% 11
\BOOKMARK [3][-]{subsubsection.1.2.1.1}{ Paradigma Jer\341rquico}{subsection.1.2.1}% 12
\BOOKMARK [3][-]{subsubsection.1.2.1.2}{Paradigma Reactivo}{subsection.1.2.1}% 13
\BOOKMARK [1][-]{section.1.3}{Inteligencia Artificial}{chapter.1}% 14
\BOOKMARK [2][-]{subsection.1.3.1}{ Aprendizaje de M\341quinas}{section.1.3}% 15
\BOOKMARK [2][-]{subsection.1.3.2}{Aprendizaje por reforzamiento}{section.1.3}% 16
\BOOKMARK [2][-]{subsection.1.3.3}{ Q- learning}{section.1.3}% 17
\BOOKMARK [1][-]{section.1.4}{Visi\363n Artificial}{chapter.1}% 18
\BOOKMARK [2][-]{subsection.1.4.1}{Filtros }{section.1.4}% 19
\BOOKMARK [2][-]{subsection.1.4.2}{Transformaciones Morfol\363gicas}{section.1.4}% 20
\BOOKMARK [3][-]{subsubsection.1.4.2.1}{Dilataci\363n}{subsection.1.4.2}% 21
\BOOKMARK [3][-]{subsubsection.1.4.2.2}{Erosi\363n}{subsection.1.4.2}% 22
\BOOKMARK [0][-]{chapter.2}{Presentaci\363n del problema}{}% 23
\BOOKMARK [0][-]{chapter.3}{Definici\363n de lenguaje}{}% 24
\BOOKMARK [1][-]{section.3.1}{Estructura general}{chapter.3}% 25
\BOOKMARK [2][-]{subsection.3.1.1}{Estructura de la salida}{section.3.1}% 26
\BOOKMARK [3][-]{subsubsection.3.1.1.1}{Descripci\363n}{subsection.3.1.1}% 27
\BOOKMARK [3][-]{subsubsection.3.1.1.2}{Bloque de restricciones}{subsection.3.1.1}% 28
\BOOKMARK [2][-]{subsection.3.1.2}{Estructuras auxiliares}{section.3.1}% 29
\BOOKMARK [2][-]{subsection.3.1.3}{Funciones}{section.3.1}% 30
\BOOKMARK [1][-]{section.3.2}{Tipos de datos}{chapter.3}% 31
\BOOKMARK [2][-]{subsection.3.2.1}{Datos B\341sicos}{section.3.2}% 32
\BOOKMARK [2][-]{subsection.3.2.2}{Datos Complejos}{section.3.2}% 33
\BOOKMARK [2][-]{subsection.3.2.3}{Estructuras B\341sicas de datos}{section.3.2}% 34
\BOOKMARK [1][-]{section.3.3}{Expresiones}{chapter.3}% 35
\BOOKMARK [2][-]{subsection.3.3.1}{Expresiones Matem\341ticas}{section.3.3}% 36
\BOOKMARK [2][-]{subsection.3.3.2}{Expresiones Booleanas}{section.3.3}% 37
\BOOKMARK [1][-]{section.3.4}{Variables}{chapter.3}% 38
\BOOKMARK [2][-]{subsection.3.4.1}{Variable aleatoria por defecto}{section.3.4}% 39
\BOOKMARK [2][-]{subsection.3.4.2}{Variables con restricciones propias}{section.3.4}% 40
\BOOKMARK [2][-]{subsection.3.4.3}{Variables por elecci\363n}{section.3.4}% 41
\BOOKMARK [1][-]{section.3.5}{Restricciones}{chapter.3}% 42
\BOOKMARK [2][-]{subsection.3.5.1}{Restricciones booleanas}{section.3.5}% 43
\BOOKMARK [2][-]{subsection.3.5.2}{Distribuciones estad\355sticas}{section.3.5}% 44
\BOOKMARK [2][-]{subsection.3.5.3}{Cuantificadores}{section.3.5}% 45
\BOOKMARK [0][-]{chapter.4}{Dise\361o del solver y compilador}{}% 46
\BOOKMARK [1][-]{section.4.1}{\301rbol Sint\341ctico Abstracto}{chapter.4}% 47
\BOOKMARK [1][-]{section.4.2}{Grafo y generaci\363n de estructura de retorno}{chapter.4}% 48
\BOOKMARK [1][-]{section.4.3}{Aclaraciones iniciales sobre el solver}{chapter.4}% 49
\BOOKMARK [2][-]{subsection.4.3.1}{Sistemas de variables}{section.4.3}% 50
\BOOKMARK [2][-]{subsection.4.3.2}{Conjuntos}{section.4.3}% 51
\BOOKMARK [2][-]{subsection.4.3.3}{Restricciones}{section.4.3}% 52
\BOOKMARK [3][-]{subsubsection.4.3.3.1}{Restricciones de dominio}{subsection.4.3.3}% 53
\BOOKMARK [3][-]{subsubsection.4.3.3.2}{Restricciones de rango}{subsection.4.3.3}% 54
\BOOKMARK [3][-]{subsubsection.4.3.3.3}{Relaci\363n dominio-rango}{subsection.4.3.3}% 55
\BOOKMARK [1][-]{section.4.4}{\301rbol de Salida}{chapter.4}% 56
\BOOKMARK [1][-]{section.4.5}{Grafo de resoluci\363n}{chapter.4}% 57
\BOOKMARK [2][-]{subsection.4.5.1}{Variables \(Nodos\)}{section.4.5}% 58
\BOOKMARK [2][-]{subsection.4.5.2}{Restricciones \(Arcos\)}{section.4.5}% 59
\BOOKMARK [1][-]{section.4.6}{Proceso de resoluci\363n}{chapter.4}% 60
\BOOKMARK [2][-]{subsection.4.6.1}{Parte primera: Generaci\363n de la estructura de salida}{section.4.6}% 61
\BOOKMARK [2][-]{subsection.4.6.2}{Parte segunda: C\341lculo del dominio}{section.4.6}% 62
\BOOKMARK [3][-]{subsubsection.4.6.2.1}{Hilo para el c\341lculo de dominio}{subsection.4.6.2}% 63
\BOOKMARK [3][-]{subsubsection.4.6.2.2}{Solver de dominio o solucionador de dominio}{subsection.4.6.2}% 64
\BOOKMARK [2][-]{subsection.4.6.3}{Parte tercera: C\341lculo de rangos}{section.4.6}% 65
\BOOKMARK [3][-]{subsubsection.4.6.3.1}{Solver de rangos o Solucionador de rangos}{subsection.4.6.3}% 66
\BOOKMARK [2][-]{subsection.4.6.4}{Parte cuarta: multiplicaci\363n de rangos}{section.4.6}% 67
\BOOKMARK [2][-]{subsection.4.6.5}{Parte quinta: Instanciaci\363n de valores}{section.4.6}% 68
\BOOKMARK [0][-]{chapter.5}{Implementaci\363n y resultados}{}% 69
\BOOKMARK [1][-]{section.5.1}{Implementaci\363n}{chapter.5}% 70
\BOOKMARK [1][-]{section.5.2}{Pruebas realizadas a nivel del Solver}{chapter.5}% 71
\BOOKMARK [0][-]{chapter.6}{Optimizaci\363n}{}% 72
\BOOKMARK [1][-]{section.6.1}{Optimizaci\363n Manual o dependiente}{chapter.6}% 73
\BOOKMARK [2][-]{subsection.6.1.1}{A nivel del Parser o reconocedor sint\341ctico}{section.6.1}% 74
\BOOKMARK [2][-]{subsection.6.1.2}{Partes de compilaci\363n}{section.6.1}% 75
\BOOKMARK [3][-]{subsubsection.6.1.2.1}{Luego del reconocimiento sint\341ctico}{subsection.6.1.2}% 76
\BOOKMARK [3][-]{subsubsection.6.1.2.2}{Luego de la primera parte}{subsection.6.1.2}% 77
\BOOKMARK [3][-]{subsubsection.6.1.2.3}{Luego de la segunda parte}{subsection.6.1.2}% 78
\BOOKMARK [3][-]{subsubsection.6.1.2.4}{Luego de la tercera parte}{subsection.6.1.2}% 79
\BOOKMARK [3][-]{subsubsection.6.1.2.5}{Luego de la cuarta parte}{subsection.6.1.2}% 80
\BOOKMARK [3][-]{subsubsection.6.1.2.6}{Luego de la quinta parte}{subsection.6.1.2}% 81
\BOOKMARK [1][-]{section.6.2}{Optimizaci\363n automatizada}{chapter.6}% 82
\BOOKMARK [2][-]{subsection.6.2.1}{Diferenciaci\363n de tipos de problemas}{section.6.2}% 83
\BOOKMARK [3][-]{subsubsection.6.2.1.1}{M\351todo de resoluci\363n Algebraico}{subsection.6.2.1}% 84
\BOOKMARK [3][-]{subsubsection.6.2.1.2}{M\351todo de resoluci\363n por Backtracking}{subsection.6.2.1}% 85
\BOOKMARK [2][-]{subsection.6.2.2}{M\351todo de b\372squeda especializado o h\355brido}{section.6.2}% 86
\BOOKMARK [2][-]{subsection.6.2.3}{Decisi\363n sobre el uso del m\351todo de resoluci\363n}{section.6.2}% 87
\BOOKMARK [2][-]{subsection.6.2.4}{Recomendaciones para el dise\361o del sistema de decisi\363n}{section.6.2}% 88
\BOOKMARK [3][-]{subsubsection.6.2.4.1}{Comparaci\363n de m\351todos de resoluci\363n}{subsection.6.2.4}% 89
\BOOKMARK [0][-]{chapter.7}{Conclusiones y recomendaciones}{}% 90
\BOOKMARK [0][-]{appendix.Alph1}{Archivos intermedios}{}% 91
\BOOKMARK [1][-]{section.Alph1.1}{Representaci\363n de Dominio}{appendix.Alph1}% 92
\BOOKMARK [1][-]{section.Alph1.2}{Representaci\363n de Rango}{appendix.Alph1}% 93
\BOOKMARK [1][-]{section.Alph1.3}{Sistemas en Prolog}{appendix.Alph1}% 94
\BOOKMARK [0][-]{appendix.Alph2}{Ejemplos del lenguaje}{}% 95
\BOOKMARK [1][-]{section.Alph2.1}{Caso 1: Base de datos}{appendix.Alph2}% 96
\BOOKMARK [1][-]{section.Alph2.2}{Caso 2: Computaci\363n gr\341fica}{appendix.Alph2}% 97
\BOOKMARK [1][-]{section.Alph2.3}{Caso 3: HTML}{appendix.Alph2}% 98
\BOOKMARK [0][-]{appendix.Alph3}{Especificaci\363n formal de la sintaxis}{}% 99
\BOOKMARK [1][-]{section.Alph3.1}{Gram\341ticas}{appendix.Alph3}% 100
\BOOKMARK [1][-]{section.Alph3.2}{Tokens}{appendix.Alph3}% 101
